[2025-04-13 18:40:38,453] INFO Starting the log cleaner (kafka.log.LogCleaner)
[2025-04-13 18:40:38,581] INFO [kafka-log-cleaner-thread-0]: Starting (kafka.log.LogCleaner)
[2025-04-13 18:40:38,654] INFO Cleaner 0: Beginning cleaning of log __consumer_offsets-32. (kafka.log.LogCleaner)
[2025-04-13 18:40:38,658] INFO Cleaner 0: Building offset map for __consumer_offsets-32... (kafka.log.LogCleaner)
[2025-04-13 18:40:38,712] INFO Cleaner 0: Building offset map for log __consumer_offsets-32 for 1 segments in offset range [0, 11). (kafka.log.LogCleaner)
[2025-04-13 18:40:38,789] INFO Cleaner 0: Offset map for log __consumer_offsets-32 complete. (kafka.log.LogCleaner)
[2025-04-13 18:40:38,826] INFO Cleaner 0: Cleaning log __consumer_offsets-32 (cleaning prior to Fri Jan 28 16:07:10 IST 2022, discarding tombstones prior to Thu Jan 01 05:30:00 IST 1970)... (kafka.log.LogCleaner)
[2025-04-13 18:40:38,836] INFO Cleaner 0: Cleaning LogSegment(baseOffset=0, size=3437, lastModifiedTime=1643366230186, largestTime=1643366230185) in log __consumer_offsets-32 into 0 with deletion horizon 0, retaining deletes. (kafka.log.LogCleaner)
[2025-04-13 18:40:38,938] INFO Cleaner 0: Swapping in cleaned segment LogSegment(baseOffset=0, size=231, lastModifiedTime=1643366230186, largestTime=1643366230185) for segment(s) List(LogSegment(baseOffset=0, size=3437, lastModifiedTime=1643366230186, largestTime=1643366230185)) in log Log(dir=D:\tmp\kafka-logs\__consumer_offsets-32, topic=__consumer_offsets, partition=32, highWatermark=0, lastStableOffset=0, logStartOffset=0, logEndOffset=12) (kafka.log.LogCleaner)
[2025-04-13 18:40:39,001] INFO Cleaner 0: Beginning cleaning of log __consumer_offsets-32. (kafka.log.LogCleaner)
[2025-04-13 18:40:39,002] INFO Cleaner 0: Building offset map for __consumer_offsets-32... (kafka.log.LogCleaner)
[2025-04-13 18:40:39,042] INFO Cleaner 0: Building offset map for log __consumer_offsets-32 for 1 segments in offset range [0, 11). (kafka.log.LogCleaner)
[2025-04-13 18:40:39,045] INFO Cleaner 0: Offset map for log __consumer_offsets-32 complete. (kafka.log.LogCleaner)
[2025-04-13 18:40:39,045] INFO Cleaner 0: Cleaning log __consumer_offsets-32 (cleaning prior to Fri Jan 28 16:07:10 IST 2022, discarding tombstones prior to Thu Jan 01 05:30:00 IST 1970)... (kafka.log.LogCleaner)
[2025-04-13 18:40:39,070] INFO Cleaner 0: Beginning cleaning of log __consumer_offsets-32. (kafka.log.LogCleaner)
[2025-04-13 18:40:39,070] INFO Cleaner 0: Building offset map for __consumer_offsets-32... (kafka.log.LogCleaner)
[2025-04-13 18:40:39,091] INFO Cleaner 0: Building offset map for log __consumer_offsets-32 for 1 segments in offset range [0, 11). (kafka.log.LogCleaner)
[2025-04-13 18:40:39,094] INFO Cleaner 0: Offset map for log __consumer_offsets-32 complete. (kafka.log.LogCleaner)
[2025-04-13 18:40:39,095] INFO Cleaner 0: Cleaning log __consumer_offsets-32 (cleaning prior to Fri Jan 28 16:07:10 IST 2022, discarding tombstones prior to Thu Jan 01 05:30:00 IST 1970)... (kafka.log.LogCleaner)
[2025-04-13 18:40:39,124] INFO Cleaner 0: Beginning cleaning of log __consumer_offsets-32. (kafka.log.LogCleaner)
[2025-04-13 18:40:39,125] INFO Cleaner 0: Building offset map for __consumer_offsets-32... (kafka.log.LogCleaner)
[2025-04-13 18:40:39,144] INFO Cleaner 0: Building offset map for log __consumer_offsets-32 for 1 segments in offset range [0, 11). (kafka.log.LogCleaner)
[2025-04-13 18:40:39,149] INFO Cleaner 0: Offset map for log __consumer_offsets-32 complete. (kafka.log.LogCleaner)
[2025-04-13 18:40:39,149] INFO Cleaner 0: Cleaning log __consumer_offsets-32 (cleaning prior to Fri Jan 28 16:07:10 IST 2022, discarding tombstones prior to Thu Jan 01 05:30:00 IST 1970)... (kafka.log.LogCleaner)
[2025-04-13 18:40:39,175] INFO Cleaner 0: Beginning cleaning of log __consumer_offsets-32. (kafka.log.LogCleaner)
[2025-04-13 18:40:39,175] INFO Cleaner 0: Building offset map for __consumer_offsets-32... (kafka.log.LogCleaner)
[2025-04-13 18:40:39,195] INFO Cleaner 0: Building offset map for log __consumer_offsets-32 for 1 segments in offset range [0, 11). (kafka.log.LogCleaner)
[2025-04-13 18:40:39,198] INFO Cleaner 0: Offset map for log __consumer_offsets-32 complete. (kafka.log.LogCleaner)
[2025-04-13 18:40:39,199] INFO Cleaner 0: Cleaning log __consumer_offsets-32 (cleaning prior to Fri Jan 28 16:07:10 IST 2022, discarding tombstones prior to Thu Jan 01 05:30:00 IST 1970)... (kafka.log.LogCleaner)
[2025-04-13 18:40:39,222] INFO Cleaner 0: Beginning cleaning of log __consumer_offsets-32. (kafka.log.LogCleaner)
[2025-04-13 18:40:39,222] INFO Cleaner 0: Building offset map for __consumer_offsets-32... (kafka.log.LogCleaner)
[2025-04-13 18:40:39,241] INFO Cleaner 0: Building offset map for log __consumer_offsets-32 for 1 segments in offset range [0, 11). (kafka.log.LogCleaner)
[2025-04-13 18:40:39,244] INFO Cleaner 0: Offset map for log __consumer_offsets-32 complete. (kafka.log.LogCleaner)
[2025-04-13 18:40:39,245] INFO Cleaner 0: Cleaning log __consumer_offsets-32 (cleaning prior to Fri Jan 28 16:07:10 IST 2022, discarding tombstones prior to Thu Jan 01 05:30:00 IST 1970)... (kafka.log.LogCleaner)
[2025-04-13 18:40:39,264] INFO Cleaner 0: Beginning cleaning of log __consumer_offsets-32. (kafka.log.LogCleaner)
[2025-04-13 18:40:39,264] INFO Cleaner 0: Building offset map for __consumer_offsets-32... (kafka.log.LogCleaner)
[2025-04-13 18:40:39,285] INFO Cleaner 0: Building offset map for log __consumer_offsets-32 for 1 segments in offset range [0, 11). (kafka.log.LogCleaner)
[2025-04-13 18:40:39,288] INFO Cleaner 0: Offset map for log __consumer_offsets-32 complete. (kafka.log.LogCleaner)
[2025-04-13 18:40:39,288] INFO Cleaner 0: Cleaning log __consumer_offsets-32 (cleaning prior to Fri Jan 28 16:07:10 IST 2022, discarding tombstones prior to Thu Jan 01 05:30:00 IST 1970)... (kafka.log.LogCleaner)
[2025-04-13 18:40:39,318] INFO Cleaner 0: Beginning cleaning of log __consumer_offsets-32. (kafka.log.LogCleaner)
[2025-04-13 18:40:39,318] INFO Cleaner 0: Building offset map for __consumer_offsets-32... (kafka.log.LogCleaner)
[2025-04-13 18:40:39,349] INFO Cleaner 0: Building offset map for log __consumer_offsets-32 for 1 segments in offset range [0, 11). (kafka.log.LogCleaner)
[2025-04-13 18:40:39,352] INFO Cleaner 0: Offset map for log __consumer_offsets-32 complete. (kafka.log.LogCleaner)
[2025-04-13 18:40:39,353] INFO Cleaner 0: Cleaning log __consumer_offsets-32 (cleaning prior to Fri Jan 28 16:07:10 IST 2022, discarding tombstones prior to Thu Jan 01 05:30:00 IST 1970)... (kafka.log.LogCleaner)
[2025-04-13 18:40:39,378] INFO Cleaner 0: Beginning cleaning of log __consumer_offsets-32. (kafka.log.LogCleaner)
[2025-04-13 18:40:39,378] INFO Cleaner 0: Building offset map for __consumer_offsets-32... (kafka.log.LogCleaner)
[2025-04-13 18:40:39,400] INFO Cleaner 0: Building offset map for log __consumer_offsets-32 for 1 segments in offset range [0, 11). (kafka.log.LogCleaner)
[2025-04-13 18:40:39,402] INFO Cleaner 0: Offset map for log __consumer_offsets-32 complete. (kafka.log.LogCleaner)
[2025-04-13 18:40:39,403] INFO Cleaner 0: Cleaning log __consumer_offsets-32 (cleaning prior to Fri Jan 28 16:07:10 IST 2022, discarding tombstones prior to Thu Jan 01 05:30:00 IST 1970)... (kafka.log.LogCleaner)
[2025-04-13 18:40:39,423] INFO Cleaner 0: Beginning cleaning of log __consumer_offsets-32. (kafka.log.LogCleaner)
[2025-04-13 18:40:39,423] INFO Cleaner 0: Building offset map for __consumer_offsets-32... (kafka.log.LogCleaner)
[2025-04-13 18:40:39,444] INFO Cleaner 0: Building offset map for log __consumer_offsets-32 for 1 segments in offset range [0, 11). (kafka.log.LogCleaner)
[2025-04-13 18:40:39,448] INFO Cleaner 0: Offset map for log __consumer_offsets-32 complete. (kafka.log.LogCleaner)
[2025-04-13 18:40:39,449] INFO Cleaner 0: Cleaning log __consumer_offsets-32 (cleaning prior to Fri Jan 28 16:07:10 IST 2022, discarding tombstones prior to Thu Jan 01 05:30:00 IST 1970)... (kafka.log.LogCleaner)
[2025-04-13 18:40:39,469] INFO Cleaner 0: Beginning cleaning of log __consumer_offsets-32. (kafka.log.LogCleaner)
[2025-04-13 18:40:39,469] INFO Cleaner 0: Building offset map for __consumer_offsets-32... (kafka.log.LogCleaner)
[2025-04-13 18:40:39,490] INFO Cleaner 0: Building offset map for log __consumer_offsets-32 for 1 segments in offset range [0, 11). (kafka.log.LogCleaner)
[2025-04-13 18:40:39,492] INFO Cleaner 0: Offset map for log __consumer_offsets-32 complete. (kafka.log.LogCleaner)
[2025-04-13 18:40:39,493] INFO Cleaner 0: Cleaning log __consumer_offsets-32 (cleaning prior to Fri Jan 28 16:07:10 IST 2022, discarding tombstones prior to Thu Jan 01 05:30:00 IST 1970)... (kafka.log.LogCleaner)
[2025-04-13 18:40:39,514] INFO Cleaner 0: Beginning cleaning of log __consumer_offsets-32. (kafka.log.LogCleaner)
[2025-04-13 18:40:39,514] INFO Cleaner 0: Building offset map for __consumer_offsets-32... (kafka.log.LogCleaner)
[2025-04-13 18:40:39,535] INFO Cleaner 0: Building offset map for log __consumer_offsets-32 for 1 segments in offset range [0, 11). (kafka.log.LogCleaner)
[2025-04-13 18:40:39,541] INFO Cleaner 0: Offset map for log __consumer_offsets-32 complete. (kafka.log.LogCleaner)
[2025-04-13 18:40:39,542] INFO Cleaner 0: Cleaning log __consumer_offsets-32 (cleaning prior to Fri Jan 28 16:07:10 IST 2022, discarding tombstones prior to Thu Jan 01 05:30:00 IST 1970)... (kafka.log.LogCleaner)
[2025-04-13 18:40:39,565] INFO Cleaner 0: Beginning cleaning of log __consumer_offsets-32. (kafka.log.LogCleaner)
[2025-04-13 18:40:39,566] INFO Cleaner 0: Building offset map for __consumer_offsets-32... (kafka.log.LogCleaner)
[2025-04-13 18:40:39,589] INFO Cleaner 0: Building offset map for log __consumer_offsets-32 for 1 segments in offset range [0, 11). (kafka.log.LogCleaner)
[2025-04-13 18:40:39,592] INFO Cleaner 0: Offset map for log __consumer_offsets-32 complete. (kafka.log.LogCleaner)
[2025-04-13 18:40:39,593] INFO Cleaner 0: Cleaning log __consumer_offsets-32 (cleaning prior to Fri Jan 28 16:07:10 IST 2022, discarding tombstones prior to Thu Jan 01 05:30:00 IST 1970)... (kafka.log.LogCleaner)
[2025-04-13 18:40:39,612] INFO Cleaner 0: Beginning cleaning of log __consumer_offsets-32. (kafka.log.LogCleaner)
[2025-04-13 18:40:39,613] INFO Cleaner 0: Building offset map for __consumer_offsets-32... (kafka.log.LogCleaner)
[2025-04-13 18:40:39,637] INFO Cleaner 0: Building offset map for log __consumer_offsets-32 for 1 segments in offset range [0, 11). (kafka.log.LogCleaner)
[2025-04-13 18:40:39,640] INFO Cleaner 0: Offset map for log __consumer_offsets-32 complete. (kafka.log.LogCleaner)
[2025-04-13 18:40:39,641] INFO Cleaner 0: Cleaning log __consumer_offsets-32 (cleaning prior to Fri Jan 28 16:07:10 IST 2022, discarding tombstones prior to Thu Jan 01 05:30:00 IST 1970)... (kafka.log.LogCleaner)
[2025-04-13 18:40:39,658] INFO Cleaner 0: Beginning cleaning of log __consumer_offsets-32. (kafka.log.LogCleaner)
[2025-04-13 18:40:39,658] INFO Cleaner 0: Building offset map for __consumer_offsets-32... (kafka.log.LogCleaner)
[2025-04-13 18:40:39,678] INFO Cleaner 0: Building offset map for log __consumer_offsets-32 for 1 segments in offset range [0, 11). (kafka.log.LogCleaner)
[2025-04-13 18:40:39,681] INFO Cleaner 0: Offset map for log __consumer_offsets-32 complete. (kafka.log.LogCleaner)
[2025-04-13 18:40:39,681] INFO Cleaner 0: Cleaning log __consumer_offsets-32 (cleaning prior to Fri Jan 28 16:07:10 IST 2022, discarding tombstones prior to Thu Jan 01 05:30:00 IST 1970)... (kafka.log.LogCleaner)
[2025-04-13 18:40:39,697] INFO Cleaner 0: Beginning cleaning of log __consumer_offsets-32. (kafka.log.LogCleaner)
[2025-04-13 18:40:39,697] INFO Cleaner 0: Building offset map for __consumer_offsets-32... (kafka.log.LogCleaner)
[2025-04-13 18:40:39,717] INFO Cleaner 0: Building offset map for log __consumer_offsets-32 for 1 segments in offset range [0, 11). (kafka.log.LogCleaner)
[2025-04-13 18:40:39,720] INFO Cleaner 0: Offset map for log __consumer_offsets-32 complete. (kafka.log.LogCleaner)
[2025-04-13 18:40:39,720] INFO Cleaner 0: Cleaning log __consumer_offsets-32 (cleaning prior to Fri Jan 28 16:07:10 IST 2022, discarding tombstones prior to Thu Jan 01 05:30:00 IST 1970)... (kafka.log.LogCleaner)
[2025-04-13 18:40:39,737] INFO Cleaner 0: Beginning cleaning of log __consumer_offsets-32. (kafka.log.LogCleaner)
[2025-04-13 18:40:39,737] INFO Cleaner 0: Building offset map for __consumer_offsets-32... (kafka.log.LogCleaner)
[2025-04-13 18:40:39,757] INFO Cleaner 0: Building offset map for log __consumer_offsets-32 for 1 segments in offset range [0, 11). (kafka.log.LogCleaner)
[2025-04-13 18:40:39,760] INFO Cleaner 0: Offset map for log __consumer_offsets-32 complete. (kafka.log.LogCleaner)
[2025-04-13 18:40:39,760] INFO Cleaner 0: Cleaning log __consumer_offsets-32 (cleaning prior to Fri Jan 28 16:07:10 IST 2022, discarding tombstones prior to Thu Jan 01 05:30:00 IST 1970)... (kafka.log.LogCleaner)
[2025-04-13 18:40:39,775] INFO Cleaner 0: Beginning cleaning of log __consumer_offsets-32. (kafka.log.LogCleaner)
[2025-04-13 18:40:39,775] INFO Cleaner 0: Building offset map for __consumer_offsets-32... (kafka.log.LogCleaner)
[2025-04-13 18:40:39,800] INFO Cleaner 0: Building offset map for log __consumer_offsets-32 for 1 segments in offset range [0, 11). (kafka.log.LogCleaner)
[2025-04-13 18:40:39,803] INFO Cleaner 0: Offset map for log __consumer_offsets-32 complete. (kafka.log.LogCleaner)
[2025-04-13 18:40:39,803] INFO Cleaner 0: Cleaning log __consumer_offsets-32 (cleaning prior to Fri Jan 28 16:07:10 IST 2022, discarding tombstones prior to Thu Jan 01 05:30:00 IST 1970)... (kafka.log.LogCleaner)
[2025-04-13 18:40:39,816] INFO Cleaner 0: Beginning cleaning of log __consumer_offsets-32. (kafka.log.LogCleaner)
[2025-04-13 18:40:39,816] INFO Cleaner 0: Building offset map for __consumer_offsets-32... (kafka.log.LogCleaner)
[2025-04-13 18:40:39,837] INFO Cleaner 0: Building offset map for log __consumer_offsets-32 for 1 segments in offset range [0, 11). (kafka.log.LogCleaner)
[2025-04-13 18:40:39,839] INFO Cleaner 0: Offset map for log __consumer_offsets-32 complete. (kafka.log.LogCleaner)
[2025-04-13 18:40:39,839] INFO Cleaner 0: Cleaning log __consumer_offsets-32 (cleaning prior to Fri Jan 28 16:07:10 IST 2022, discarding tombstones prior to Thu Jan 01 05:30:00 IST 1970)... (kafka.log.LogCleaner)
[2025-04-13 18:40:39,852] INFO Cleaner 0: Beginning cleaning of log __consumer_offsets-32. (kafka.log.LogCleaner)
[2025-04-13 18:40:39,852] INFO Cleaner 0: Building offset map for __consumer_offsets-32... (kafka.log.LogCleaner)
[2025-04-13 18:40:39,872] INFO Cleaner 0: Building offset map for log __consumer_offsets-32 for 1 segments in offset range [0, 11). (kafka.log.LogCleaner)
[2025-04-13 18:40:39,874] INFO Cleaner 0: Offset map for log __consumer_offsets-32 complete. (kafka.log.LogCleaner)
[2025-04-13 18:40:39,874] INFO Cleaner 0: Cleaning log __consumer_offsets-32 (cleaning prior to Fri Jan 28 16:07:10 IST 2022, discarding tombstones prior to Thu Jan 01 05:30:00 IST 1970)... (kafka.log.LogCleaner)
[2025-04-13 18:40:39,886] INFO Cleaner 0: Beginning cleaning of log __consumer_offsets-32. (kafka.log.LogCleaner)
[2025-04-13 18:40:39,886] INFO Cleaner 0: Building offset map for __consumer_offsets-32... (kafka.log.LogCleaner)
[2025-04-13 18:40:39,906] INFO Cleaner 0: Building offset map for log __consumer_offsets-32 for 1 segments in offset range [0, 11). (kafka.log.LogCleaner)
[2025-04-13 18:40:39,908] INFO Cleaner 0: Offset map for log __consumer_offsets-32 complete. (kafka.log.LogCleaner)
[2025-04-13 18:40:39,908] INFO Cleaner 0: Cleaning log __consumer_offsets-32 (cleaning prior to Fri Jan 28 16:07:10 IST 2022, discarding tombstones prior to Thu Jan 01 05:30:00 IST 1970)... (kafka.log.LogCleaner)
[2025-04-13 18:40:39,922] INFO Cleaner 0: Beginning cleaning of log __consumer_offsets-32. (kafka.log.LogCleaner)
[2025-04-13 18:40:39,922] INFO Cleaner 0: Building offset map for __consumer_offsets-32... (kafka.log.LogCleaner)
[2025-04-13 18:40:39,943] INFO Cleaner 0: Building offset map for log __consumer_offsets-32 for 1 segments in offset range [0, 11). (kafka.log.LogCleaner)
[2025-04-13 18:40:39,945] INFO Cleaner 0: Offset map for log __consumer_offsets-32 complete. (kafka.log.LogCleaner)
[2025-04-13 18:40:39,945] INFO Cleaner 0: Cleaning log __consumer_offsets-32 (cleaning prior to Fri Jan 28 16:07:10 IST 2022, discarding tombstones prior to Thu Jan 01 05:30:00 IST 1970)... (kafka.log.LogCleaner)
[2025-04-13 18:40:39,958] INFO Cleaner 0: Beginning cleaning of log __consumer_offsets-32. (kafka.log.LogCleaner)
[2025-04-13 18:40:39,960] INFO Cleaner 0: Building offset map for __consumer_offsets-32... (kafka.log.LogCleaner)
[2025-04-13 18:40:39,978] INFO Cleaner 0: Building offset map for log __consumer_offsets-32 for 1 segments in offset range [0, 11). (kafka.log.LogCleaner)
[2025-04-13 18:40:39,981] INFO Cleaner 0: Offset map for log __consumer_offsets-32 complete. (kafka.log.LogCleaner)
[2025-04-13 18:40:39,981] INFO Cleaner 0: Cleaning log __consumer_offsets-32 (cleaning prior to Fri Jan 28 16:07:10 IST 2022, discarding tombstones prior to Thu Jan 01 05:30:00 IST 1970)... (kafka.log.LogCleaner)
[2025-04-13 18:40:39,995] INFO Cleaner 0: Beginning cleaning of log __consumer_offsets-32. (kafka.log.LogCleaner)
[2025-04-13 18:40:39,995] INFO Cleaner 0: Building offset map for __consumer_offsets-32... (kafka.log.LogCleaner)
[2025-04-13 18:40:40,016] INFO Cleaner 0: Building offset map for log __consumer_offsets-32 for 1 segments in offset range [0, 11). (kafka.log.LogCleaner)
[2025-04-13 18:40:40,020] INFO Cleaner 0: Offset map for log __consumer_offsets-32 complete. (kafka.log.LogCleaner)
[2025-04-13 18:40:40,022] INFO Cleaner 0: Cleaning log __consumer_offsets-32 (cleaning prior to Fri Jan 28 16:07:10 IST 2022, discarding tombstones prior to Thu Jan 01 05:30:00 IST 1970)... (kafka.log.LogCleaner)
[2025-04-13 18:40:40,038] INFO Cleaner 0: Beginning cleaning of log __consumer_offsets-32. (kafka.log.LogCleaner)
[2025-04-13 18:40:40,038] INFO Cleaner 0: Building offset map for __consumer_offsets-32... (kafka.log.LogCleaner)
[2025-04-13 18:40:40,062] INFO Cleaner 0: Building offset map for log __consumer_offsets-32 for 1 segments in offset range [0, 11). (kafka.log.LogCleaner)
[2025-04-13 18:40:40,065] INFO Cleaner 0: Offset map for log __consumer_offsets-32 complete. (kafka.log.LogCleaner)
[2025-04-13 18:40:40,065] INFO Cleaner 0: Cleaning log __consumer_offsets-32 (cleaning prior to Fri Jan 28 16:07:10 IST 2022, discarding tombstones prior to Thu Jan 01 05:30:00 IST 1970)... (kafka.log.LogCleaner)
[2025-04-13 18:40:40,081] INFO Cleaner 0: Beginning cleaning of log __consumer_offsets-32. (kafka.log.LogCleaner)
[2025-04-13 18:40:40,082] INFO Cleaner 0: Building offset map for __consumer_offsets-32... (kafka.log.LogCleaner)
[2025-04-13 18:40:40,108] INFO Cleaner 0: Building offset map for log __consumer_offsets-32 for 1 segments in offset range [0, 11). (kafka.log.LogCleaner)
[2025-04-13 18:40:40,113] INFO Cleaner 0: Offset map for log __consumer_offsets-32 complete. (kafka.log.LogCleaner)
[2025-04-13 18:40:40,113] INFO Cleaner 0: Cleaning log __consumer_offsets-32 (cleaning prior to Fri Jan 28 16:07:10 IST 2022, discarding tombstones prior to Thu Jan 01 05:30:00 IST 1970)... (kafka.log.LogCleaner)
[2025-04-13 18:40:40,147] INFO Cleaner 0: Beginning cleaning of log __consumer_offsets-32. (kafka.log.LogCleaner)
[2025-04-13 18:40:40,148] INFO Cleaner 0: Building offset map for __consumer_offsets-32... (kafka.log.LogCleaner)
[2025-04-13 18:40:40,175] INFO Cleaner 0: Building offset map for log __consumer_offsets-32 for 1 segments in offset range [0, 11). (kafka.log.LogCleaner)
[2025-04-13 18:40:40,179] INFO Cleaner 0: Offset map for log __consumer_offsets-32 complete. (kafka.log.LogCleaner)
[2025-04-13 18:40:40,179] INFO Cleaner 0: Cleaning log __consumer_offsets-32 (cleaning prior to Fri Jan 28 16:07:10 IST 2022, discarding tombstones prior to Thu Jan 01 05:30:00 IST 1970)... (kafka.log.LogCleaner)
[2025-04-13 18:43:37,976] INFO Starting the log cleaner (kafka.log.LogCleaner)
[2025-04-13 18:43:38,103] INFO [kafka-log-cleaner-thread-0]: Starting (kafka.log.LogCleaner)
[2025-04-13 19:01:12,598] INFO Shutting down the log cleaner. (kafka.log.LogCleaner)
[2025-04-13 19:01:12,598] INFO [kafka-log-cleaner-thread-0]: Shutting down (kafka.log.LogCleaner)
[2025-04-13 19:01:12,598] INFO [kafka-log-cleaner-thread-0]: Stopped (kafka.log.LogCleaner)
[2025-04-13 19:01:12,598] INFO [kafka-log-cleaner-thread-0]: Shutdown completed (kafka.log.LogCleaner)
